15-Nov-2019 20:27:55.038 信息 [main] org.apache.catalina.startup.VersionLoggerListener.log Server.服务器版本:     Apache Tomcat/9.0.27
15-Nov-2019 20:27:55.043 信息 [main] org.apache.catalina.startup.VersionLoggerListener.log 服务器构建:            Oct 7 2019 09:57:22 UTC
15-Nov-2019 20:27:55.045 信息 [main] org.apache.catalina.startup.VersionLoggerListener.log Server version number: 9.0.27.0
15-Nov-2019 20:27:55.045 信息 [main] org.apache.catalina.startup.VersionLoggerListener.log OS Name:               Windows 10
15-Nov-2019 20:27:55.046 信息 [main] org.apache.catalina.startup.VersionLoggerListener.log OS.版本:               10.0
15-Nov-2019 20:27:55.047 信息 [main] org.apache.catalina.startup.VersionLoggerListener.log 架构:                  amd64
15-Nov-2019 20:27:55.047 信息 [main] org.apache.catalina.startup.VersionLoggerListener.log Java 环境变量:         C:\Program Files\Java\jdk-12.0.2
15-Nov-2019 20:27:55.048 信息 [main] org.apache.catalina.startup.VersionLoggerListener.log JVM 版本:              12.0.2+10
15-Nov-2019 20:27:55.048 信息 [main] org.apache.catalina.startup.VersionLoggerListener.log JVM.供应商:            Oracle Corporation
15-Nov-2019 20:27:55.049 信息 [main] org.apache.catalina.startup.VersionLoggerListener.log CATALINA_BASE:         D:\apache-tomcat-9.0.27
15-Nov-2019 20:27:55.049 信息 [main] org.apache.catalina.startup.VersionLoggerListener.log CATALINA_HOME:         D:\apache-tomcat-9.0.27
15-Nov-2019 20:27:55.059 信息 [main] org.apache.catalina.startup.VersionLoggerListener.log Command line argument: --add-opens=java.base/java.lang=ALL-UNNAMED
15-Nov-2019 20:27:55.060 信息 [main] org.apache.catalina.startup.VersionLoggerListener.log Command line argument: --add-opens=java.base/java.io=ALL-UNNAMED
15-Nov-2019 20:27:55.061 信息 [main] org.apache.catalina.startup.VersionLoggerListener.log Command line argument: --add-opens=java.rmi/sun.rmi.transport=ALL-UNNAMED
15-Nov-2019 20:27:55.061 信息 [main] org.apache.catalina.startup.VersionLoggerListener.log Command line argument: -Djava.util.logging.config.file=D:\apache-tomcat-9.0.27\conf\logging.properties
15-Nov-2019 20:27:55.062 信息 [main] org.apache.catalina.startup.VersionLoggerListener.log Command line argument: -Djava.util.logging.manager=org.apache.juli.ClassLoaderLogManager
15-Nov-2019 20:27:55.063 信息 [main] org.apache.catalina.startup.VersionLoggerListener.log Command line argument: -Djdk.tls.ephemeralDHKeySize=2048
15-Nov-2019 20:27:55.064 信息 [main] org.apache.catalina.startup.VersionLoggerListener.log Command line argument: -Djava.protocol.handler.pkgs=org.apache.catalina.webresources
15-Nov-2019 20:27:55.065 信息 [main] org.apache.catalina.startup.VersionLoggerListener.log Command line argument: -Dignore.endorsed.dirs=
15-Nov-2019 20:27:55.066 信息 [main] org.apache.catalina.startup.VersionLoggerListener.log Command line argument: -Dcatalina.base=D:\apache-tomcat-9.0.27
15-Nov-2019 20:27:55.068 信息 [main] org.apache.catalina.startup.VersionLoggerListener.log Command line argument: -Dcatalina.home=D:\apache-tomcat-9.0.27
15-Nov-2019 20:27:55.069 信息 [main] org.apache.catalina.startup.VersionLoggerListener.log Command line argument: -Djava.io.tmpdir=D:\apache-tomcat-9.0.27\temp
15-Nov-2019 20:27:55.070 信息 [main] org.apache.catalina.core.AprLifecycleListener.lifecycleEvent Loaded APR based Apache Tomcat Native library [1.2.23] using APR version [1.7.0].
15-Nov-2019 20:27:55.071 信息 [main] org.apache.catalina.core.AprLifecycleListener.lifecycleEvent APR capabilities: IPv6 [true], sendfile [true], accept filters [false], random [true].
15-Nov-2019 20:27:55.071 信息 [main] org.apache.catalina.core.AprLifecycleListener.lifecycleEvent APR/OpenSSL configuration: useAprConnector [false], useOpenSSL [true]
15-Nov-2019 20:27:55.075 信息 [main] org.apache.catalina.core.AprLifecycleListener.initializeSSL OpenSSL successfully initialized [OpenSSL 1.1.1c  28 May 2019]
15-Nov-2019 20:27:55.367 信息 [main] org.apache.coyote.AbstractProtocol.init 初始化协议处理器 ["http-nio-8080"]
15-Nov-2019 20:27:55.689 信息 [main] org.apache.coyote.AbstractProtocol.init 初始化协议处理器 ["ajp-nio-8009"]
15-Nov-2019 20:27:55.699 信息 [main] org.apache.catalina.startup.Catalina.load 服务器在[929]毫秒内初始化
15-Nov-2019 20:27:55.753 信息 [main] org.apache.catalina.core.StandardService.startInternal Starting service [Catalina]
15-Nov-2019 20:27:55.754 信息 [main] org.apache.catalina.core.StandardEngine.startInternal Starting Servlet engine: [Apache Tomcat/9.0.27]
15-Nov-2019 20:27:55.817 信息 [main] org.apache.catalina.startup.HostConfig.deployWAR Deploying web application archive [D:\apache-tomcat-9.0.27\webapps\lvyouwangye_war.war]
15-Nov-2019 20:27:56.346 警告 [main] org.apache.catalina.util.SessionIdGeneratorBase.createSecureRandom Creation of SecureRandom instance for session ID generation using [SHA1PRNG] took [238] milliseconds.
15-Nov-2019 20:27:56.372 信息 [main] org.apache.catalina.startup.HostConfig.deployWAR Deployment of web application archive [D:\apache-tomcat-9.0.27\webapps\lvyouwangye_war.war] has finished in [554] ms
15-Nov-2019 20:27:56.400 信息 [main] org.apache.catalina.startup.HostConfig.deployDirectory 把web 应用程序部署到目录 [D:\apache-tomcat-9.0.27\webapps\docs]
15-Nov-2019 20:27:56.449 信息 [main] org.apache.catalina.startup.HostConfig.deployDirectory Deployment of web application directory [D:\apache-tomcat-9.0.27\webapps\docs] has finished in [49] ms
15-Nov-2019 20:27:56.450 信息 [main] org.apache.catalina.startup.HostConfig.deployDirectory 把web 应用程序部署到目录 [D:\apache-tomcat-9.0.27\webapps\examples]
15-Nov-2019 20:27:58.244 信息 [main] org.apache.catalina.startup.HostConfig.deployDirectory Deployment of web application directory [D:\apache-tomcat-9.0.27\webapps\examples] has finished in [1,794] ms
15-Nov-2019 20:27:58.267 信息 [main] org.apache.catalina.startup.HostConfig.deployDirectory 把web 应用程序部署到目录 [D:\apache-tomcat-9.0.27\webapps\host-manager]
15-Nov-2019 20:27:58.339 信息 [main] org.apache.catalina.startup.HostConfig.deployDirectory Deployment of web application directory [D:\apache-tomcat-9.0.27\webapps\host-manager] has finished in [71] ms
15-Nov-2019 20:27:58.340 信息 [main] org.apache.catalina.startup.HostConfig.deployDirectory 把web 应用程序部署到目录 [D:\apache-tomcat-9.0.27\webapps\manager]
15-Nov-2019 20:27:58.374 信息 [main] org.apache.catalina.startup.HostConfig.deployDirectory Deployment of web application directory [D:\apache-tomcat-9.0.27\webapps\manager] has finished in [34] ms
15-Nov-2019 20:27:58.376 信息 [main] org.apache.catalina.startup.HostConfig.deployDirectory 把web 应用程序部署到目录 [D:\apache-tomcat-9.0.27\webapps\ROOT]
15-Nov-2019 20:27:58.457 信息 [main] org.apache.catalina.startup.HostConfig.deployDirectory Deployment of web application directory [D:\apache-tomcat-9.0.27\webapps\ROOT] has finished in [82] ms
15-Nov-2019 20:27:58.464 信息 [main] org.apache.coyote.AbstractProtocol.start 开始协议处理句柄["http-nio-8080"]
15-Nov-2019 20:27:58.477 信息 [main] org.apache.coyote.AbstractProtocol.start 开始协议处理句柄["ajp-nio-8009"]
15-Nov-2019 20:27:58.483 信息 [main] org.apache.catalina.startup.Catalina.start Server startup in [2,783] milliseconds
15-Nov-2019 20:33:17.745 严重 [main] org.apache.catalina.startup.Catalina.stopServer Could not contact [localhost:8005] (base port [8005] and offset [0]). Tomcat may not be running.
